MXClient/build/outputs/logs/manifest-merger-debug-report.txt
-- Merging decision tree log ---
manifest
ADDED from MXAndroid_5.31_5.3.8/MXClient/AndroidManifest.xml:1:1-1274:12
	package
		ADDED from MXAndroid_5.31_5.3.8/MXClient/AndroidManifest.xml:2:5-33
		INJECTED from MXAndroid_5.31_5.3.8/MXClient/AndroidManifest.xml
		INJECTED from MXAndroid_5.31_5.3.8/MXClient/AndroidManifest.xml
	android:versionName
		ADDED from MXAndroid_5.31_5.3.8/MXClient/AndroidManifest.xml:4:5-32
		INJECTED from MXAndroid_5.31_5.3.8/MXClient/AndroidManifest.xml
		INJECTED from MXAndroid_5.31_5.3.8/MXClient/AndroidManifest.xml
	android:versionCode
		ADDED from MXAndroid_5.31_5.3.8/MXClient/AndroidManifest.xml:3:5-34
		INJECTED from MXAndroid_5.31_5.3.8/MXClient/AndroidManifest.xml
		INJECTED from MXAndroid_5.31_5.3.8/MXClient/AndroidManifest.xml
	xmlns:android
		ADDED from MXAndroid_5.31_5.3.8/MXClient/AndroidManifest.xml:1:11-69
uses-sdk
ADDED from MXAndroid_5.31_5.3.8/MXClient/AndroidManifest.xml:6:5-8:41
MERGED from [com.android.support:multidex:1.0.1] AndroidManifest.xml:18:5-42
MERGED from [MXAndroid_5.31_5.3.8:MXKit:4.0.0] AndroidManifest.xml:7:5-9:41
MERGED from [com.zhy:okhttputils:2.6.2] AndroidManifest.xml:7:5-9:41
	android:targetSdkVersion
		ADDED from MXAndroid_5.31_5.3.8/MXClient/AndroidManifest.xml:8:9-38
		INJECTED from MXAndroid_5.31_5.3.8/MXClient/AndroidManifest.xml
		INJECTED from MXAndroid_5.31_5.3.8/MXClient/AndroidManifest.xml
	android:minSdkVersion
		ADDED from MXAndroid_5.31_5.3.8/MXClient/AndroidManifest.xml:7:9-34
		INJECTED from MXAndroid_5.31_5.3.8/MXClient/AndroidManifest.xml
		INJECTED from MXAndroid_5.31_5.3.8/MXClient/AndroidManifest.xml
uses-permission#android.permission.INTERNET
ADDED from MXAndroid_5.31_5.3.8/MXClient/AndroidManifest.xml:10:5-67
MERGED from [MXAndroid_5.31_5.3.8:MXKit:4.0.0] AndroidManifest.xml:11:5-67
	android:name
		ADDED from MXAndroid_5.31_5.3.8/MXClient/AndroidManifest.xml:10:22-64
uses-permission#android.permission.WRITE_EXTERNAL_STORAGE
ADDED from MXAndroid_5.31_5.3.8/MXClient/AndroidManifest.xml:11:5-81
MERGED from [MXAndroid_5.31_5.3.8:MXKit:4.0.0] AndroidManifest.xml:12:5-81
	android:name
		ADDED from MXAndroid_5.31_5.3.8/MXClient/AndroidManifest.xml:11:22-78
uses-permission#android.permission.READ_EXTERNAL_STORAGE
ADDED from MXAndroid_5.31_5.3.8/MXClient/AndroidManifest.xml:13:5-80
MERGED from [MXAndroid_5.31_5.3.8:MXKit:4.0.0] AndroidManifest.xml:13:5-80
	android:name
		ADDED from MXAndroid_5.31_5.3.8/MXClient/AndroidManifest.xml:13:22-77
uses-permission#android.permission.RECORD_AUDIO
ADDED from MXAndroid_5.31_5.3.8/MXClient/AndroidManifest.xml:14:5-71
MERGED from [MXAndroid_5.31_5.3.8:MXKit:4.0.0] AndroidManifest.xml:14:5-71
	android:name
		ADDED from MXAndroid_5.31_5.3.8/MXClient/AndroidManifest.xml:14:22-68
uses-permission#android.permission.ACCESS_NETWORK_STATE
ADDED from MXAndroid_5.31_5.3.8/MXClient/AndroidManifest.xml:15:5-79
MERGED from [MXAndroid_5.31_5.3.8:MXKit:4.0.0] AndroidManifest.xml:15:5-79
	android:name
		ADDED from MXAndroid_5.31_5.3.8/MXClient/AndroidManifest.xml:15:22-76
uses-permission#android.permission.MOUNT_UNMOUNT_FILESYSTEMS
ADDED from MXAndroid_5.31_5.3.8/MXClient/AndroidManifest.xml:16:5-84
MERGED from [MXAndroid_5.31_5.3.8:MXKit:4.0.0] AndroidManifest.xml:16:5-84
	android:name
		ADDED from MXAndroid_5.31_5.3.8/MXClient/AndroidManifest.xml:16:22-81
uses-permission#android.permission.READ_PHONE_STATE
ADDED from MXAndroid_5.31_5.3.8/MXClient/AndroidManifest.xml:17:5-75
MERGED from [MXAndroid_5.31_5.3.8:MXKit:4.0.0] AndroidManifest.xml:17:5-75
	android:name
		ADDED from MXAndroid_5.31_5.3.8/MXClient/AndroidManifest.xml:17:22-72
uses-permission#android.permission.RECEIVE_BOOT_COMPLETED
ADDED from MXAndroid_5.31_5.3.8/MXClient/AndroidManifest.xml:18:5-81
MERGED from [MXAndroid_5.31_5.3.8:MXKit:4.0.0] AndroidManifest.xml:18:5-81
	android:name
		ADDED from MXAndroid_5.31_5.3.8/MXClient/AndroidManifest.xml:18:22-78
uses-permission#android.permission.WRITE_SETTINGS
ADDED from MXAndroid_5.31_5.3.8/MXClient/AndroidManifest.xml:19:5-73
MERGED from [MXAndroid_5.31_5.3.8:MXKit:4.0.0] AndroidManifest.xml:19:5-73
	android:name
		ADDED from MXAndroid_5.31_5.3.8/MXClient/AndroidManifest.xml:19:22-70
uses-permission#android.permission.VIBRATE
ADDED from MXAndroid_5.31_5.3.8/MXClient/AndroidManifest.xml:20:5-66
MERGED from [MXAndroid_5.31_5.3.8:MXKit:4.0.0] AndroidManifest.xml:20:5-66
	android:name
		ADDED from MXAndroid_5.31_5.3.8/MXClient/AndroidManifest.xml:20:22-63
uses-permission#android.permission.DISABLE_KEYGUARD
ADDED from MXAndroid_5.31_5.3.8/MXClient/AndroidManifest.xml:21:5-75
MERGED from [MXAndroid_5.31_5.3.8:MXKit:4.0.0] AndroidManifest.xml:21:5-75
	android:name
		ADDED from MXAndroid_5.31_5.3.8/MXClient/AndroidManifest.xml:21:22-72
uses-permission#android.permission.ACCESS_WIFI_STATE
ADDED from MXAndroid_5.31_5.3.8/MXClient/AndroidManifest.xml:22:5-76
MERGED from [MXAndroid_5.31_5.3.8:MXKit:4.0.0] AndroidManifest.xml:22:5-76
	android:name
		ADDED from MXAndroid_5.31_5.3.8/MXClient/AndroidManifest.xml:22:22-73
uses-permission#android.permission.RESTART_PACKAGES
ADDED from MXAndroid_5.31_5.3.8/MXClient/AndroidManifest.xml:23:5-75
MERGED from [MXAndroid_5.31_5.3.8:MXKit:4.0.0] AndroidManifest.xml:23:5-75
	android:name
		ADDED from MXAndroid_5.31_5.3.8/MXClient/AndroidManifest.xml:23:22-72
uses-permission#android.permission.SYSTEM_ALERT_WINDOW
ADDED from MXAndroid_5.31_5.3.8/MXClient/AndroidManifest.xml:24:5-78
MERGED from [MXAndroid_5.31_5.3.8:MXKit:4.0.0] AndroidManifest.xml:24:5-78
	android:name
		ADDED from MXAndroid_5.31_5.3.8/MXClient/AndroidManifest.xml:24:22-75
uses-permission#android.permission.ACCESS_COARSE_LOCATION
ADDED from MXAndroid_5.31_5.3.8/MXClient/AndroidManifest.xml:25:5-81
MERGED from [MXAndroid_5.31_5.3.8:MXKit:4.0.0] AndroidManifest.xml:25:5-81
	android:name
		ADDED from MXAndroid_5.31_5.3.8/MXClient/AndroidManifest.xml:25:22-78
uses-permission#android.permission.ACCESS_FINE_LOCATION
ADDED from MXAndroid_5.31_5.3.8/MXClient/AndroidManifest.xml:26:5-79
MERGED from [MXAndroid_5.31_5.3.8:MXKit:4.0.0] AndroidManifest.xml:26:5-79
	android:name
		ADDED from MXAndroid_5.31_5.3.8/MXClient/AndroidManifest.xml:26:22-76
uses-permission#android.permission.GET_TASKS
ADDED from MXAndroid_5.31_5.3.8/MXClient/AndroidManifest.xml:27:5-68
MERGED from [MXAndroid_5.31_5.3.8:MXKit:4.0.0] AndroidManifest.xml:27:5-68
	android:name
		ADDED from MXAndroid_5.31_5.3.8/MXClient/AndroidManifest.xml:27:22-65
uses-permission#android.permission.CALL_PHONE
ADDED from MXAndroid_5.31_5.3.8/MXClient/AndroidManifest.xml:28:5-69
MERGED from [MXAndroid_5.31_5.3.8:MXKit:4.0.0] AndroidManifest.xml:28:5-69
	android:name
		ADDED from MXAndroid_5.31_5.3.8/MXClient/AndroidManifest.xml:28:22-66
uses-permission#android.permission.CAMERA
ADDED from MXAndroid_5.31_5.3.8/MXClient/AndroidManifest.xml:29:5-65
MERGED from [MXAndroid_5.31_5.3.8:MXKit:4.0.0] AndroidManifest.xml:29:5-65
	android:name
		ADDED from MXAndroid_5.31_5.3.8/MXClient/AndroidManifest.xml:29:22-62
uses-permission#android.permission.RECORD_VIDEO
ADDED from MXAndroid_5.31_5.3.8/MXClient/AndroidManifest.xml:30:5-71
MERGED from [MXAndroid_5.31_5.3.8:MXKit:4.0.0] AndroidManifest.xml:30:5-71
	android:name
		ADDED from MXAndroid_5.31_5.3.8/MXClient/AndroidManifest.xml:30:22-68
uses-permission#android.permission.MODIFY_AUDIO_SETTINGS
ADDED from MXAndroid_5.31_5.3.8/MXClient/AndroidManifest.xml:31:5-80
MERGED from [MXAndroid_5.31_5.3.8:MXKit:4.0.0] AndroidManifest.xml:31:5-80
	android:name
		ADDED from MXAndroid_5.31_5.3.8/MXClient/AndroidManifest.xml:31:22-77
uses-permission#android.permission.KILL_BACKGROUND_PROCESSES
ADDED from MXAndroid_5.31_5.3.8/MXClient/AndroidManifest.xml:32:5-84
	android:name
		ADDED from MXAndroid_5.31_5.3.8/MXClient/AndroidManifest.xml:32:22-81
uses-feature#android.hardware.camera
ADDED from MXAndroid_5.31_5.3.8/MXClient/AndroidManifest.xml:34:5-60
MERGED from [MXAndroid_5.31_5.3.8:MXKit:4.0.0] AndroidManifest.xml:33:5-60
	android:name
		ADDED from MXAndroid_5.31_5.3.8/MXClient/AndroidManifest.xml:34:19-57
uses-feature#android.hardware.camera.autofocus
ADDED from MXAndroid_5.31_5.3.8/MXClient/AndroidManifest.xml:35:5-70
MERGED from [MXAndroid_5.31_5.3.8:MXKit:4.0.0] AndroidManifest.xml:34:5-70
	android:name
		ADDED from MXAndroid_5.31_5.3.8/MXClient/AndroidManifest.xml:35:19-67
uses-feature#android.hardware.sensor.accelerometer
ADDED from MXAndroid_5.31_5.3.8/MXClient/AndroidManifest.xml:36:5-73
	android:name
		ADDED from MXAndroid_5.31_5.3.8/MXClient/AndroidManifest.xml:36:19-71
uses-feature#android.hardware.sensor.stepcounter
ADDED from MXAndroid_5.31_5.3.8/MXClient/AndroidManifest.xml:37:5-95
	android:required
		ADDED from MXAndroid_5.31_5.3.8/MXClient/AndroidManifest.xml:37:70-93
	android:name
		ADDED from MXAndroid_5.31_5.3.8/MXClient/AndroidManifest.xml:37:19-69
uses-feature#android.hardware.sensor.stepdetector
ADDED from MXAndroid_5.31_5.3.8/MXClient/AndroidManifest.xml:38:5-96
	android:required
		ADDED from MXAndroid_5.31_5.3.8/MXClient/AndroidManifest.xml:38:71-94
	android:name
		ADDED from MXAndroid_5.31_5.3.8/MXClient/AndroidManifest.xml:38:19-70
uses-permission#android.permission.WAKE_LOCK
ADDED from MXAndroid_5.31_5.3.8/MXClient/AndroidManifest.xml:40:5-68
MERGED from [MXAndroid_5.31_5.3.8:MXKit:4.0.0] AndroidManifest.xml:36:5-68
	android:name
		ADDED from MXAndroid_5.31_5.3.8/MXClient/AndroidManifest.xml:40:22-65
uses-permission#android.permission.FLASHLIGHT
ADDED from MXAndroid_5.31_5.3.8/MXClient/AndroidManifest.xml:41:5-69
MERGED from [MXAndroid_5.31_5.3.8:MXKit:4.0.0] AndroidManifest.xml:37:5-69
	android:name
		ADDED from MXAndroid_5.31_5.3.8/MXClient/AndroidManifest.xml:41:22-66
uses-permission#android.permission.READ_CONTACTS
ADDED from MXAndroid_5.31_5.3.8/MXClient/AndroidManifest.xml:42:5-72
MERGED from [MXAndroid_5.31_5.3.8:MXKit:4.0.0] AndroidManifest.xml:38:5-72
	android:name
		ADDED from MXAndroid_5.31_5.3.8/MXClient/AndroidManifest.xml:42:22-69
uses-permission#android.permission.WRITE_CONTACTS
ADDED from MXAndroid_5.31_5.3.8/MXClient/AndroidManifest.xml:43:5-73
MERGED from [MXAndroid_5.31_5.3.8:MXKit:4.0.0] AndroidManifest.xml:39:5-73
	android:name
		ADDED from MXAndroid_5.31_5.3.8/MXClient/AndroidManifest.xml:43:22-70
uses-permission#android.permission.PROCESS_OUTGOING_CALLS
ADDED from MXAndroid_5.31_5.3.8/MXClient/AndroidManifest.xml:44:5-81
MERGED from [MXAndroid_5.31_5.3.8:MXKit:4.0.0] AndroidManifest.xml:40:5-81
	android:name
		ADDED from MXAndroid_5.31_5.3.8/MXClient/AndroidManifest.xml:44:22-78
uses-permission#android.permission.MODIFY_PHONE_STATE
ADDED from MXAndroid_5.31_5.3.8/MXClient/AndroidManifest.xml:45:5-77
MERGED from [MXAndroid_5.31_5.3.8:MXKit:4.0.0] AndroidManifest.xml:41:5-77
	android:name
		ADDED from MXAndroid_5.31_5.3.8/MXClient/AndroidManifest.xml:45:22-74
uses-permission#android.permission.CHANGE_WIFI_STATE
ADDED from MXAndroid_5.31_5.3.8/MXClient/AndroidManifest.xml:48:5-76
	android:name
		ADDED from MXAndroid_5.31_5.3.8/MXClient/AndroidManifest.xml:48:22-73
uses-permission#android.permission.CHANGE_CONFIGURATION
ADDED from MXAndroid_5.31_5.3.8/MXClient/AndroidManifest.xml:49:5-79
	android:name
		ADDED from MXAndroid_5.31_5.3.8/MXClient/AndroidManifest.xml:49:22-76
uses-permission#android.permission.READ_SYNC_SETTINGS
ADDED from MXAndroid_5.31_5.3.8/MXClient/AndroidManifest.xml:52:5-77
MERGED from [MXAndroid_5.31_5.3.8:MXKit:4.0.0] AndroidManifest.xml:44:5-77
	android:name
		ADDED from MXAndroid_5.31_5.3.8/MXClient/AndroidManifest.xml:52:22-74
uses-permission#org.thialfihar.android.apg.permission.READ_KEY_DETAILS
ADDED from MXAndroid_5.31_5.3.8/MXClient/AndroidManifest.xml:54:5-94
MERGED from [MXAndroid_5.31_5.3.8:MXKit:4.0.0] AndroidManifest.xml:45:5-94
	android:name
		ADDED from MXAndroid_5.31_5.3.8/MXClient/AndroidManifest.xml:54:22-91
uses-permission#com.minxing.client.permission.SIGNIGNATURE
ADDED from MXAndroid_5.31_5.3.8/MXClient/AndroidManifest.xml:55:5-82
	android:name
		ADDED from MXAndroid_5.31_5.3.8/MXClient/AndroidManifest.xml:55:22-79
permission#com.minxing.client.permission.SIGNIGNATURE
ADDED from MXAndroid_5.31_5.3.8/MXClient/AndroidManifest.xml:58:5-60:47
	android:protectionLevel
		ADDED from MXAndroid_5.31_5.3.8/MXClient/AndroidManifest.xml:60:9-44
	android:name
		ADDED from MXAndroid_5.31_5.3.8/MXClient/AndroidManifest.xml:59:9-66
uses-feature#android.hardware.touchscreen
ADDED from MXAndroid_5.31_5.3.8/MXClient/AndroidManifest.xml:63:5-65:36
MERGED from [MXAndroid_5.31_5.3.8:MXKit:4.0.0] AndroidManifest.xml:47:5-49:36
	android:required
		ADDED from MXAndroid_5.31_5.3.8/MXClient/AndroidManifest.xml:65:9-33
	android:name
		ADDED from MXAndroid_5.31_5.3.8/MXClient/AndroidManifest.xml:64:9-52
application
ADDED from MXAndroid_5.31_5.3.8/MXClient/AndroidManifest.xml:69:5-1273:19
MERGED from [MXAndroid_5.31_5.3.8:MXKit:4.0.0] AndroidManifest.xml:52:5-760:19
	android:label
		ADDED from MXAndroid_5.31_5.3.8/MXClient/AndroidManifest.xml:73:9-41
	android:allowBackup
		ADDED from MXAndroid_5.31_5.3.8/MXClient/AndroidManifest.xml:71:9-36
	android:icon
		ADDED from MXAndroid_5.31_5.3.8/MXClient/AndroidManifest.xml:72:9-45
	android:largeHeap
		ADDED from MXAndroid_5.31_5.3.8/MXClient/AndroidManifest.xml:74:9-33
	android:persistent
		ADDED from MXAndroid_5.31_5.3.8/MXClient/AndroidManifest.xml:75:9-34
	android:theme
		ADDED from MXAndroid_5.31_5.3.8/MXClient/AndroidManifest.xml:76:9-40
	android:name
		ADDED from MXAndroid_5.31_5.3.8/MXClient/AndroidManifest.xml:70:9-57
meta-data#com.amap.api.v2.apikey
ADDED from MXAndroid_5.31_5.3.8/MXClient/AndroidManifest.xml:78:9-80:64
	android:value
		ADDED from MXAndroid_5.31_5.3.8/MXClient/AndroidManifest.xml:80:13-61
	android:name
		ADDED from MXAndroid_5.31_5.3.8/MXClient/AndroidManifest.xml:79:13-50
activity#com.minxing.client.LoadingActivity
ADDED from MXAndroid_5.31_5.3.8/MXClient/AndroidManifest.xml:82:9-91:20
	android:configChanges
		ADDED from MXAndroid_5.31_5.3.8/MXClient/AndroidManifest.xml:84:13-74
	android:name
		ADDED from MXAndroid_5.31_5.3.8/MXClient/AndroidManifest.xml:83:13-62
intent-filter#android.intent.action.MAIN+android.intent.category.LAUNCHER
ADDED from MXAndroid_5.31_5.3.8/MXClient/AndroidManifest.xml:86:13-90:29
action#android.intent.action.MAIN
ADDED from MXAndroid_5.31_5.3.8/MXClient/AndroidManifest.xml:87:17-69
	android:name
		ADDED from MXAndroid_5.31_5.3.8/MXClient/AndroidManifest.xml:87:25-66
category#android.intent.category.LAUNCHER
ADDED from MXAndroid_5.31_5.3.8/MXClient/AndroidManifest.xml:89:17-77
	android:name
		ADDED from MXAndroid_5.31_5.3.8/MXClient/AndroidManifest.xml:89:27-74
activity#com.minxing.client.LoginActivity
ADDED from MXAndroid_5.31_5.3.8/MXClient/AndroidManifest.xml:92:9-97:71
	android:launchMode
		ADDED from MXAndroid_5.31_5.3.8/MXClient/AndroidManifest.xml:95:13-44
	android:windowSoftInputMode
		ADDED from MXAndroid_5.31_5.3.8/MXClient/AndroidManifest.xml:97:13-68
	android:configChanges
		ADDED from MXAndroid_5.31_5.3.8/MXClient/AndroidManifest.xml:94:13-74
	android:name
		ADDED from MXAndroid_5.31_5.3.8/MXClient/AndroidManifest.xml:93:13-60
activity#com.minxing.client.activity.SystemSettingActivity
ADDED from MXAndroid_5.31_5.3.8/MXClient/AndroidManifest.xml:98:9-101:11
	android:configChanges
		ADDED from MXAndroid_5.31_5.3.8/MXClient/AndroidManifest.xml:100:13-74
	android:name
		ADDED from MXAndroid_5.31_5.3.8/MXClient/AndroidManifest.xml:99:13-77
activity#com.minxing.client.activity.AdActivity
ADDED from MXAndroid_5.31_5.3.8/MXClient/AndroidManifest.xml:102:9-105:15
	android:configChanges
		ADDED from MXAndroid_5.31_5.3.8/MXClient/AndroidManifest.xml:104:13-74
	android:name
		ADDED from MXAndroid_5.31_5.3.8/MXClient/AndroidManifest.xml:103:13-66
activity#com.minxing.client.activity.OpenHorizontalScreenActivity
ADDED from MXAndroid_5.31_5.3.8/MXClient/AndroidManifest.xml:106:9-108:11
	android:configChanges
		ADDED from MXAndroid_5.31_5.3.8/MXClient/AndroidManifest.xml:107:19-80
	android:name
		ADDED from MXAndroid_5.31_5.3.8/MXClient/AndroidManifest.xml:106:19-90
activity#com.minxing.client.activity.SystemFunctionIntrodutionActivity
ADDED from MXAndroid_5.31_5.3.8/MXClient/AndroidManifest.xml:109:9-112:11
	android:configChanges
		ADDED from MXAndroid_5.31_5.3.8/MXClient/AndroidManifest.xml:111:13-74
	android:name
		ADDED from MXAndroid_5.31_5.3.8/MXClient/AndroidManifest.xml:110:13-89
activity#com.minxing.client.activity.SystemSettingMessageNotificationActivity
ADDED from MXAndroid_5.31_5.3.8/MXClient/AndroidManifest.xml:113:9-116:11
	android:configChanges
		ADDED from MXAndroid_5.31_5.3.8/MXClient/AndroidManifest.xml:115:13-74
	android:name
		ADDED from MXAndroid_5.31_5.3.8/MXClient/AndroidManifest.xml:114:13-96
activity#com.minxing.client.activity.SystemSettingDisturbActivity
ADDED from MXAndroid_5.31_5.3.8/MXClient/AndroidManifest.xml:117:9-120:11
	android:configChanges
		ADDED from MXAndroid_5.31_5.3.8/MXClient/AndroidManifest.xml:119:13-74
	android:name
		ADDED from MXAndroid_5.31_5.3.8/MXClient/AndroidManifest.xml:118:13-84
activity#com.minxing.client.activity.SystemNewsActivity
ADDED from MXAndroid_5.31_5.3.8/MXClient/AndroidManifest.xml:121:9-125:16
	android:launchMode
		ADDED from MXAndroid_5.31_5.3.8/MXClient/AndroidManifest.xml:124:13-44
	android:configChanges
		ADDED from MXAndroid_5.31_5.3.8/MXClient/AndroidManifest.xml:123:13-74
	android:name
		ADDED from MXAndroid_5.31_5.3.8/MXClient/AndroidManifest.xml:122:13-74
activity#com.minxing.client.activity.SystemDiagnosisActivity
ADDED from MXAndroid_5.31_5.3.8/MXClient/AndroidManifest.xml:126:9-129:11
	android:configChanges
		ADDED from MXAndroid_5.31_5.3.8/MXClient/AndroidManifest.xml:128:13-74
	android:name
		ADDED from MXAndroid_5.31_5.3.8/MXClient/AndroidManifest.xml:127:13-79
activity#com.minxing.client.activity.SystemSettingGesturePasswordActivity
ADDED from MXAndroid_5.31_5.3.8/MXClient/AndroidManifest.xml:130:9-133:16
	android:configChanges
		ADDED from MXAndroid_5.31_5.3.8/MXClient/AndroidManifest.xml:132:13-74
	android:name
		ADDED from MXAndroid_5.31_5.3.8/MXClient/AndroidManifest.xml:131:13-92
activity#com.minxing.client.activity.GesturePasswordActivity
ADDED from MXAndroid_5.31_5.3.8/MXClient/AndroidManifest.xml:134:9-137:16
	android:configChanges
		ADDED from MXAndroid_5.31_5.3.8/MXClient/AndroidManifest.xml:136:13-74
	android:name
		ADDED from MXAndroid_5.31_5.3.8/MXClient/AndroidManifest.xml:135:13-79
activity#com.minxing.client.ClientTabActivity
ADDED from MXAndroid_5.31_5.3.8/MXClient/AndroidManifest.xml:138:9-142:16
	android:launchMode
		ADDED from MXAndroid_5.31_5.3.8/MXClient/AndroidManifest.xml:141:13-44
	android:configChanges
		ADDED from MXAndroid_5.31_5.3.8/MXClient/AndroidManifest.xml:140:13-74
	android:name
		ADDED from MXAndroid_5.31_5.3.8/MXClient/AndroidManifest.xml:139:13-64
activity#com.minxing.client.activity.LaunchShareActivity
ADDED from MXAndroid_5.31_5.3.8/MXClient/AndroidManifest.xml:143:9-185:20
	android:label
		ADDED from MXAndroid_5.31_5.3.8/MXClient/AndroidManifest.xml:146:13-61
	android:configChanges
		ADDED from MXAndroid_5.31_5.3.8/MXClient/AndroidManifest.xml:145:13-74
	android:name
		ADDED from MXAndroid_5.31_5.3.8/MXClient/AndroidManifest.xml:144:13-75
intent-filter#android.intent.action.SEND+android.intent.category.DEFAULT
ADDED from MXAndroid_5.31_5.3.8/MXClient/AndroidManifest.xml:148:13-154:29
action#android.intent.action.SEND
ADDED from MXAndroid_5.31_5.3.8/MXClient/AndroidManifest.xml:149:17-69
	android:name
		ADDED from MXAndroid_5.31_5.3.8/MXClient/AndroidManifest.xml:149:25-66
category#android.intent.category.DEFAULT
ADDED from MXAndroid_5.31_5.3.8/MXClient/AndroidManifest.xml:151:17-76
	android:name
		ADDED from MXAndroid_5.31_5.3.8/MXClient/AndroidManifest.xml:151:27-73
data
ADDED from MXAndroid_5.31_5.3.8/MXClient/AndroidManifest.xml:153:17-52
	android:mimeType
		ADDED from MXAndroid_5.31_5.3.8/MXClient/AndroidManifest.xml:153:23-49
intent-filter#android.intent.action.SEND_MULTIPLE+android.intent.category.DEFAULT
ADDED from MXAndroid_5.31_5.3.8/MXClient/AndroidManifest.xml:162:13-168:29
action#android.intent.action.SEND_MULTIPLE
ADDED from MXAndroid_5.31_5.3.8/MXClient/AndroidManifest.xml:163:17-78
	android:name
		ADDED from MXAndroid_5.31_5.3.8/MXClient/AndroidManifest.xml:163:25-75
intent-filter#android.intent.category.DEFAULT+com.minxing.intent.action.SHARE
ADDED from MXAndroid_5.31_5.3.8/MXClient/AndroidManifest.xml:175:4-179:20
action#com.minxing.intent.action.SHARE
ADDED from MXAndroid_5.31_5.3.8/MXClient/AndroidManifest.xml:176:5-62
	android:name
		ADDED from MXAndroid_5.31_5.3.8/MXClient/AndroidManifest.xml:176:13-59
intent-filter#android.intent.category.DEFAULT+com.minxing.intent.action.share.CHAT
ADDED from MXAndroid_5.31_5.3.8/MXClient/AndroidManifest.xml:180:4-184:20
action#com.minxing.intent.action.share.CHAT
ADDED from MXAndroid_5.31_5.3.8/MXClient/AndroidManifest.xml:181:5-67
	android:name
		ADDED from MXAndroid_5.31_5.3.8/MXClient/AndroidManifest.xml:181:13-64
activity#com.minxing.client.activity.LaunchShareCircleActivity
ADDED from MXAndroid_5.31_5.3.8/MXClient/AndroidManifest.xml:186:9-227:20
	android:label
		ADDED from MXAndroid_5.31_5.3.8/MXClient/AndroidManifest.xml:189:13-63
	android:configChanges
		ADDED from MXAndroid_5.31_5.3.8/MXClient/AndroidManifest.xml:188:13-74
	android:name
		ADDED from MXAndroid_5.31_5.3.8/MXClient/AndroidManifest.xml:187:13-81
intent-filter#android.intent.category.DEFAULT+com.minxing.intent.action.share.CIRCLE
ADDED from MXAndroid_5.31_5.3.8/MXClient/AndroidManifest.xml:222:4-226:20
action#com.minxing.intent.action.share.CIRCLE
ADDED from MXAndroid_5.31_5.3.8/MXClient/AndroidManifest.xml:223:5-69
	android:name
		ADDED from MXAndroid_5.31_5.3.8/MXClient/AndroidManifest.xml:223:13-66
activity#com.minxing.client.activity.LaunchApp2AppActivity
ADDED from MXAndroid_5.31_5.3.8/MXClient/AndroidManifest.xml:228:9-238:20
	android:configChanges
		ADDED from MXAndroid_5.31_5.3.8/MXClient/AndroidManifest.xml:230:13-74
	android:theme
		ADDED from MXAndroid_5.31_5.3.8/MXClient/AndroidManifest.xml:232:13-61
	android:name
		ADDED from MXAndroid_5.31_5.3.8/MXClient/AndroidManifest.xml:229:13-77
intent-filter#android.intent.category.DEFAULT+com.minxing.client.app2app.launcher
ADDED from MXAndroid_5.31_5.3.8/MXClient/AndroidManifest.xml:233:13-237:29
action#com.minxing.client.app2app.launcher
ADDED from MXAndroid_5.31_5.3.8/MXClient/AndroidManifest.xml:234:17-78
	android:name
		ADDED from MXAndroid_5.31_5.3.8/MXClient/AndroidManifest.xml:234:25-75
receiver#com.minxing.kit.video.receiver.VideoReceiver
ADDED from MXAndroid_5.31_5.3.8/MXClient/AndroidManifest.xml:240:9-245:20
	android:permission
		ADDED from MXAndroid_5.31_5.3.8/MXClient/AndroidManifest.xml:241:13-76
	android:name
		ADDED from MXAndroid_5.31_5.3.8/MXClient/AndroidManifest.xml:240:19-78
intent-filter#com.minxing.client.push.video
ADDED from MXAndroid_5.31_5.3.8/MXClient/AndroidManifest.xml:242:13-244:29
action#com.minxing.client.push.video
ADDED from MXAndroid_5.31_5.3.8/MXClient/AndroidManifest.xml:243:17-72
	android:name
		ADDED from MXAndroid_5.31_5.3.8/MXClient/AndroidManifest.xml:243:25-69
activity#com.minxing.client.demo.SystemAppDemoActivity
ADDED from MXAndroid_5.31_5.3.8/MXClient/AndroidManifest.xml:248:9-251:11
	android:configChanges
		ADDED from MXAndroid_5.31_5.3.8/MXClient/AndroidManifest.xml:250:13-74
	android:name
		ADDED from MXAndroid_5.31_5.3.8/MXClient/AndroidManifest.xml:249:13-73
activity#com.minxing.client.demo.SystemAppDemoAppInfo
ADDED from MXAndroid_5.31_5.3.8/MXClient/AndroidManifest.xml:252:9-254:16
	android:name
		ADDED from MXAndroid_5.31_5.3.8/MXClient/AndroidManifest.xml:253:13-72
activity#com.minxing.client.demo.SystemAppDemoShareActivity
ADDED from MXAndroid_5.31_5.3.8/MXClient/AndroidManifest.xml:255:9-258:11
	android:configChanges
		ADDED from MXAndroid_5.31_5.3.8/MXClient/AndroidManifest.xml:257:13-74
	android:name
		ADDED from MXAndroid_5.31_5.3.8/MXClient/AndroidManifest.xml:256:13-78
activity#com.minxing.client.demo.SystemAppDemoCircle
ADDED from MXAndroid_5.31_5.3.8/MXClient/AndroidManifest.xml:259:9-262:11
	android:configChanges
		ADDED from MXAndroid_5.31_5.3.8/MXClient/AndroidManifest.xml:261:13-74
	android:name
		ADDED from MXAndroid_5.31_5.3.8/MXClient/AndroidManifest.xml:260:13-71
activity#com.minxing.client.demo.SystemAppDemoChatActivity
ADDED from MXAndroid_5.31_5.3.8/MXClient/AndroidManifest.xml:263:9-266:11
	android:configChanges
		ADDED from MXAndroid_5.31_5.3.8/MXClient/AndroidManifest.xml:265:13-74
	android:name
		ADDED from MXAndroid_5.31_5.3.8/MXClient/AndroidManifest.xml:264:13-77
activity#com.minxing.client.demo.SystemAppDemoPersonCenterActivity
ADDED from MXAndroid_5.31_5.3.8/MXClient/AndroidManifest.xml:267:9-270:11
	android:configChanges
		ADDED from MXAndroid_5.31_5.3.8/MXClient/AndroidManifest.xml:269:13-74
	android:name
		ADDED from MXAndroid_5.31_5.3.8/MXClient/AndroidManifest.xml:268:13-85
activity#com.minxing.client.demo.SystemAppDemoAppCenterViewActivity
ADDED from MXAndroid_5.31_5.3.8/MXClient/AndroidManifest.xml:271:9-274:11
	android:configChanges
		ADDED from MXAndroid_5.31_5.3.8/MXClient/AndroidManifest.xml:273:13-74
	android:name
		ADDED from MXAndroid_5.31_5.3.8/MXClient/AndroidManifest.xml:272:13-86
activity#com.minxing.kit.ui.chat.MXChatActivity
ADDED from MXAndroid_5.31_5.3.8/MXClient/AndroidManifest.xml:279:9-282:16
MERGED from [MXAndroid_5.31_5.3.8:MXKit:4.0.0] AndroidManifest.xml:75:9-77:77
	android:configChanges
		ADDED from MXAndroid_5.31_5.3.8/MXClient/AndroidManifest.xml:281:13-74
	android:name
		ADDED from MXAndroid_5.31_5.3.8/MXClient/AndroidManifest.xml:280:13-66
activity#com.minxing.kit.ui.contacts.MXContactsActivity
ADDED from MXAndroid_5.31_5.3.8/MXClient/AndroidManifest.xml:283:9-286:16
MERGED from [MXAndroid_5.31_5.3.8:MXKit:4.0.0] AndroidManifest.xml:78:9-80:77
	android:configChanges
		ADDED from MXAndroid_5.31_5.3.8/MXClient/AndroidManifest.xml:285:13-74
	android:name
		ADDED from MXAndroid_5.31_5.3.8/MXClient/AndroidManifest.xml:284:13-74
activity#com.minxing.kit.ui.appcenter.MXAppCenterActivity
ADDED from MXAndroid_5.31_5.3.8/MXClient/AndroidManifest.xml:287:9-290:16
MERGED from [MXAndroid_5.31_5.3.8:MXKit:4.0.0] AndroidManifest.xml:87:9-89:77
	android:configChanges
		ADDED from MXAndroid_5.31_5.3.8/MXClient/AndroidManifest.xml:289:13-74
	android:name
		ADDED from MXAndroid_5.31_5.3.8/MXClient/AndroidManifest.xml:288:13-76
activity#com.minxing.kit.ui.appcenter.AppCenterCategoryActivity
ADDED from MXAndroid_5.31_5.3.8/MXClient/AndroidManifest.xml:291:9-294:16
MERGED from [MXAndroid_5.31_5.3.8:MXKit:4.0.0] AndroidManifest.xml:90:9-92:77
	android:configChanges
		ADDED from MXAndroid_5.31_5.3.8/MXClient/AndroidManifest.xml:293:13-74
	android:name
		ADDED from MXAndroid_5.31_5.3.8/MXClient/AndroidManifest.xml:292:13-82
activity#com.minxing.kit.ui.circle.MXCircleActivity
ADDED from MXAndroid_5.31_5.3.8/MXClient/AndroidManifest.xml:295:9-298:16
MERGED from [MXAndroid_5.31_5.3.8:MXKit:4.0.0] AndroidManifest.xml:93:9-95:77
	android:configChanges
		ADDED from MXAndroid_5.31_5.3.8/MXClient/AndroidManifest.xml:297:13-74
	android:name
		ADDED from MXAndroid_5.31_5.3.8/MXClient/AndroidManifest.xml:296:13-70
activity#com.minxing.kit.internal.contact.AddPersonalContactActivity
ADDED from MXAndroid_5.31_5.3.8/MXClient/AndroidManifest.xml:299:9-302:16
MERGED from [MXAndroid_5.31_5.3.8:MXKit:4.0.0] AndroidManifest.xml:96:9-98:77
	android:configChanges
		ADDED from MXAndroid_5.31_5.3.8/MXClient/AndroidManifest.xml:301:13-74
	android:name
		ADDED from MXAndroid_5.31_5.3.8/MXClient/AndroidManifest.xml:300:13-87
activity#com.minxing.kit.internal.contact.ContactQueryByMobileActivity
ADDED from MXAndroid_5.31_5.3.8/MXClient/AndroidManifest.xml:303:9-306:16
MERGED from [MXAndroid_5.31_5.3.8:MXKit:4.0.0] AndroidManifest.xml:102:9-104:77
	android:configChanges
		ADDED from MXAndroid_5.31_5.3.8/MXClient/AndroidManifest.xml:305:13-74
	android:name
		ADDED from MXAndroid_5.31_5.3.8/MXClient/AndroidManifest.xml:304:13-89
activity#com.minxing.kit.internal.contact.ContactQueryByNameActivity
ADDED from MXAndroid_5.31_5.3.8/MXClient/AndroidManifest.xml:307:9-310:16
MERGED from [MXAndroid_5.31_5.3.8:MXKit:4.0.0] AndroidManifest.xml:105:9-107:77
	android:configChanges
		ADDED from MXAndroid_5.31_5.3.8/MXClient/AndroidManifest.xml:309:13-74
	android:name
		ADDED from MXAndroid_5.31_5.3.8/MXClient/AndroidManifest.xml:308:13-87
activity#com.minxing.kit.internal.contact.ContactQueryByStarActivity
ADDED from MXAndroid_5.31_5.3.8/MXClient/AndroidManifest.xml:311:9-314:16
MERGED from [MXAndroid_5.31_5.3.8:MXKit:4.0.0] AndroidManifest.xml:108:9-110:77
	android:configChanges
		ADDED from MXAndroid_5.31_5.3.8/MXClient/AndroidManifest.xml:313:13-74
	android:name
		ADDED from MXAndroid_5.31_5.3.8/MXClient/AndroidManifest.xml:312:13-87
activity#com.minxing.kit.internal.contact.ContactSearchActivity
ADDED from MXAndroid_5.31_5.3.8/MXClient/AndroidManifest.xml:315:9-318:16
MERGED from [MXAndroid_5.31_5.3.8:MXKit:4.0.0] AndroidManifest.xml:99:9-101:77
	android:configChanges
		ADDED from MXAndroid_5.31_5.3.8/MXClient/AndroidManifest.xml:317:13-74
	android:name
		ADDED from MXAndroid_5.31_5.3.8/MXClient/AndroidManifest.xml:316:13-82
activity#com.minxing.kit.internal.contact.GroupContactActivity
ADDED from MXAndroid_5.31_5.3.8/MXClient/AndroidManifest.xml:319:9-322:16
MERGED from [MXAndroid_5.31_5.3.8:MXKit:4.0.0] AndroidManifest.xml:111:9-113:77
	android:configChanges
		ADDED from MXAndroid_5.31_5.3.8/MXClient/AndroidManifest.xml:321:13-74
	android:name
		ADDED from MXAndroid_5.31_5.3.8/MXClient/AndroidManifest.xml:320:13-81
activity#com.minxing.kit.internal.contact.GraphGroupConversationActivity
ADDED from MXAndroid_5.31_5.3.8/MXClient/AndroidManifest.xml:323:9-326:16
MERGED from [MXAndroid_5.31_5.3.8:MXKit:4.0.0] AndroidManifest.xml:117:9-119:77
	android:configChanges
		ADDED from MXAndroid_5.31_5.3.8/MXClient/AndroidManifest.xml:325:13-74
	android:name
		ADDED from MXAndroid_5.31_5.3.8/MXClient/AndroidManifest.xml:324:13-91